2024-04-15 11:42:33,085 .
.Prasad Kurale
Pune,Maharashtra,India prasadkurale.jobs@gmail.com +918421492004 https://www.linkedin.com/in/prasad-kurale
EXPERIENCE
Intern
NBNSSOE February 2023 - December 2023Pune,Maharashtra ,
Analyzed and interpreted data from over 5,000 customer surveys to create detailed reports that guided the development of a new product 
feature, increasing user satisfaction by 20%.•
•
PROJECTS
Travel and Tourism management System
NBNSSOE
Key Skills : Java, NetBeans, MySQL, JDBC, Swing, AWT Designed and built a Travel and Tourism Management System using Java, NetBeans, 
and MySQL, with a user-friendly interface using Swing and AWT. Integrated databases for improved data efficiency and accessibility, 
showcasing strong problem-solving skills in Java development, delivering a robust solution for the travel industry.•
Airline Reservation System
NBNSSOE
Key Skills : HTML , CSS , javascript , python , Django. Proficient in HTML, CSS, JavaScript, Python, and Django, with experience in building a 
web-based flight booking engine encompassing airline schedules, fare tariffs, passenger reservations, and PNR management•
EDUCATION
Bachelor of Engineering (CSE)
NBN Sinhgad Technical Institute Campus•Pune, Maharashtra, India•2024•8.8
HSC
Sarhad Jr. Collage•Pune, Maharashtra, India•2020•7.1
SSC
Chintamani Dyanpeeth•Pune, Maharashtra, India•2018•8.4
INVOLVEMENT
NSS Volunteer
NBNSSOE
IBM Hackathon
NBNSSOE
SKILLS
Technical Skills: Java, Javascript, Html Css, Json, Mysql
2024-04-15 11:42:33,085 {'name': 'prasad', 'skills': ['Java', 'Javascript', 'Html Css', 'Json', 'Mysql'], 'projects': 2, 'interships': 1, 'education': [{'educationLevel': 'Bachelor of Engineering (CSE)', 'specialization': 'CSE', 'grade': 8.8}, {'educationLevel': 'HSC', 'specialization': 'NA', 'grade': 7.1}, {'educationLevel': 'SSC', 'specialization': 'NA', 'grade': 8.4}, {'educationLevel': 'NA', 'specialization': 'NA', 'grade': 0.0}, {'educationLevel': 'NA', 'specialization': 'NA', 'grade': 0.0}, {'educationLevel': 'NA', 'specialization': 'NA', 'grade': 0.0}, {'educationLevel': 'NA', 'specialization': 'NA', 'grade': 0.0}], 'rawText': '.\n.Prasad Kurale\nPune,Maharashtra,India prasadkurale.jobs@gmail.com +918421492004 https://www.linkedin.com/in/prasad-kurale\nEXPERIENCE\nIntern\nNBNSSOE February 2023 - December 2023Pune,Maharashtra ,\nAnalyzed and interpreted data from over 5,000 customer surveys to create detailed reports that guided the development of a new product \nfeature, increasing user satisfaction by 20%.•\n•\nPROJECTS\nTravel and Tourism management System\nNBNSSOE\nKey Skills : Java, NetBeans, MySQL, JDBC, Swing, AWT Designed and built a Travel and Tourism Management System using Java, NetBeans, \nand MySQL, with a user-friendly interface using Swing and AWT. Integrated databases for improved data efficiency and accessibility, \nshowcasing strong problem-solving skills in Java development, delivering a robust solution for the travel industry.•\nAirline Reservation System\nNBNSSOE\nKey Skills : HTML , CSS , javascript , python , Django. Proficient in HTML, CSS, JavaScript, Python, and Django, with experience in building a \nweb-based flight booking engine encompassing airline schedules, fare tariffs, passenger reservations, and PNR management•\nEDUCATION\nBachelor of Engineering (CSE)\nNBN Sinhgad Technical Institute Campus•Pune, Maharashtra, India•2024•8.8\nHSC\nSarhad Jr. Collage•Pune, Maharashtra, India•2020•7.1\nSSC\nChintamani Dyanpeeth•Pune, Maharashtra, India•2018•8.4\nINVOLVEMENT\nNSS Volunteer\nNBNSSOE\nIBM Hackathon\nNBNSSOE\nSKILLS\nTechnical Skills: Java, Javascript, Html Css, Json, Mysql'}
2024-04-15 11:42:33,085 Java
2024-04-15 11:42:33,085 Javascript
2024-04-15 11:42:33,091 Html Css
2024-04-15 11:42:33,091 Json
2024-04-15 11:42:33,091 Mysql
2024-04-15 11:42:33,091 127.0.0.1 - - [15/Apr/2024 11:42:33] "POST /api/resume-parser HTTP/1.1" 200 -
2024-04-15 11:43:16,123 127.0.0.1 - - [15/Apr/2024 11:43:16] "OPTIONS /api/predict-student-placement HTTP/1.1" 200 -
2024-04-15 11:43:16,435 127.0.0.1 - - [15/Apr/2024 11:43:16] "OPTIONS /api/recommendSkills HTTP/1.1" 200 -
2024-04-15 11:43:16,435 127.0.0.1 - - [15/Apr/2024 11:43:16] "POST /api/predict-student-placement HTTP/1.1" 200 -
2024-04-15 11:43:17,654 127.0.0.1 - - [15/Apr/2024 11:43:17] "POST /api/recommendSkills HTTP/1.1" 200 -
